<?xml version="1.0" encoding="UTF-8"?>
<!-- Generated by org.testng.reporters.JUnitXMLReporter -->
<testsuite ignored="0" hostname="Sarif-PC" failures="0" tests="4" name="Test" time="35.464" errors="0" timestamp="2023-01-13T19:55:12 EST">
  <testcase classname="codenbox.mavenBatch25.LoginTest" name="doLogin" time="4.151"/>
  <testcase classname="codenbox.mavenBatch25.HomepageTest" name="landingPageTitle" time="0.153"/>
  <testcase classname="codenbox.mavenBatch25.HomepageTest" name="basePageNavigationBar" time="0.152"/>
  <testcase classname="codenbox.mavenBatch25.HomepageTest" name="selectDropdown" time="2.974"/>
</testsuite> <!-- Test -->
