<?xml version="1.0" encoding="UTF-8"?>
<!-- Generated by org.testng.reporters.JUnitXMLReporter -->
<testsuite ignored="0" hostname="Sarif-PC" failures="0" tests="4" name="TestModule" time="68.099" errors="0" timestamp="15 Jan 2023 17:38:52 GMT">
  <testcase classname="codenbox.mavenBatch25.HomepageTest" name="landingPageTitle" time="0.231"/>
  <testcase classname="codenbox.mavenBatch25.HomepageTest" name="basePageNavigationBar" time="0.15"/>
  <testcase classname="codenbox.mavenBatch25.HomepageTest" name="selectDropdown" time="2.343"/>
  <testcase classname="codenbox.mavenBatch25.LoginTest" name="doLogin" time="4.726"/>
</testsuite> <!-- TestModule -->
