<?xml version="1.0" encoding="UTF-8"?>
<testng-results ignored="0" total="4" passed="4" failed="0" skipped="0">
  <reporter-output>
  </reporter-output>
  <suite started-at="2023-01-15T17:37:44Z" name="Suite" finished-at="2023-01-15T17:38:52Z" duration-ms="68099">
    <groups>
    </groups>
    <test started-at="2023-01-15T17:37:44Z" name="TestModule" finished-at="2023-01-15T17:38:52Z" duration-ms="68099">
      <class name="codenbox.mavenBatch25.LoginTest">
        <test-method is-config="true" signature="initializerDriver()[pri:0, instance:codenbox.mavenBatch25.LoginTest@75459c75]" started-at="2023-01-15T17:38:34Z" name="initializerDriver" finished-at="2023-01-15T17:38:46Z" duration-ms="12358" status="PASS">
          <reporter-output>
          </reporter-output>
        </test-method> <!-- initializerDriver -->
        <test-method signature="doLogin()[pri:3, instance:codenbox.mavenBatch25.LoginTest@75459c75]" started-at="2023-01-15T17:38:46Z" name="doLogin" finished-at="2023-01-15T17:38:51Z" duration-ms="4726" status="PASS">
          <reporter-output>
          </reporter-output>
        </test-method> <!-- doLogin -->
        <test-method is-config="true" signature="tearDown()[pri:0, instance:codenbox.mavenBatch25.LoginTest@75459c75]" started-at="2023-01-15T17:38:51Z" name="tearDown" finished-at="2023-01-15T17:38:52Z" duration-ms="847" status="PASS">
          <reporter-output>
          </reporter-output>
        </test-method> <!-- tearDown -->
      </class> <!-- codenbox.mavenBatch25.LoginTest -->
      <class name="codenbox.mavenBatch25.HomepageTest">
        <test-method is-config="true" signature="initializerDriver()[pri:0, instance:codenbox.mavenBatch25.HomepageTest@201b6b6f]" started-at="2023-01-15T17:37:44Z" name="initializerDriver" finished-at="2023-01-15T17:38:01Z" duration-ms="17091" status="PASS">
          <reporter-output>
          </reporter-output>
        </test-method> <!-- initializerDriver -->
        <test-method signature="landingPageTitle()[pri:0, instance:codenbox.mavenBatch25.HomepageTest@201b6b6f]" started-at="2023-01-15T17:38:01Z" name="landingPageTitle" finished-at="2023-01-15T17:38:01Z" duration-ms="231" status="PASS">
          <reporter-output>
          </reporter-output>
        </test-method> <!-- landingPageTitle -->
        <test-method is-config="true" signature="tearDown()[pri:0, instance:codenbox.mavenBatch25.HomepageTest@201b6b6f]" started-at="2023-01-15T17:38:01Z" name="tearDown" finished-at="2023-01-15T17:38:03Z" duration-ms="1487" status="PASS">
          <reporter-output>
          </reporter-output>
        </test-method> <!-- tearDown -->
        <test-method is-config="true" signature="initializerDriver()[pri:0, instance:codenbox.mavenBatch25.HomepageTest@201b6b6f]" started-at="2023-01-15T17:38:03Z" name="initializerDriver" finished-at="2023-01-15T17:38:16Z" duration-ms="13024" status="PASS">
          <reporter-output>
          </reporter-output>
        </test-method> <!-- initializerDriver -->
        <test-method signature="basePageNavigationBar()[pri:1, instance:codenbox.mavenBatch25.HomepageTest@201b6b6f]" started-at="2023-01-15T17:38:16Z" name="basePageNavigationBar" finished-at="2023-01-15T17:38:16Z" duration-ms="150" status="PASS">
          <reporter-output>
          </reporter-output>
        </test-method> <!-- basePageNavigationBar -->
        <test-method is-config="true" signature="tearDown()[pri:0, instance:codenbox.mavenBatch25.HomepageTest@201b6b6f]" started-at="2023-01-15T17:38:16Z" name="tearDown" finished-at="2023-01-15T17:38:17Z" duration-ms="619" status="PASS">
          <reporter-output>
          </reporter-output>
        </test-method> <!-- tearDown -->
        <test-method is-config="true" signature="initializerDriver()[pri:0, instance:codenbox.mavenBatch25.HomepageTest@201b6b6f]" started-at="2023-01-15T17:38:17Z" name="initializerDriver" finished-at="2023-01-15T17:38:31Z" duration-ms="14105" status="PASS">
          <reporter-output>
          </reporter-output>
        </test-method> <!-- initializerDriver -->
        <test-method signature="selectDropdown()[pri:2, instance:codenbox.mavenBatch25.HomepageTest@201b6b6f]" started-at="2023-01-15T17:38:31Z" name="selectDropdown" finished-at="2023-01-15T17:38:33Z" duration-ms="2343" status="PASS">
          <reporter-output>
          </reporter-output>
        </test-method> <!-- selectDropdown -->
        <test-method is-config="true" signature="tearDown()[pri:0, instance:codenbox.mavenBatch25.HomepageTest@201b6b6f]" started-at="2023-01-15T17:38:33Z" name="tearDown" finished-at="2023-01-15T17:38:34Z" duration-ms="890" status="PASS">
          <reporter-output>
          </reporter-output>
        </test-method> <!-- tearDown -->
      </class> <!-- codenbox.mavenBatch25.HomepageTest -->
    </test> <!-- TestModule -->
  </suite> <!-- Suite -->
</testng-results>
